251225 00:03:35 mysqld_safe Starting mariadbd daemon with databases from /db1/myserver/mariadb/data
2025-12-25  0:03:36 0 [Note] Starting MariaDB 10.11.14-MariaDB-log source revision 053f9bcb5b147bf00edb99e1310bae9125b7f125 server_uid /9bIqikmmumfUmtRKI2HIde1T6c= as process 1691
/db1/myserver/mariadb/mariadb_files/bin/mariadbd: One can only use the --user switch if running as root
2025-12-25  0:03:36 0 [Note] InnoDB: Compressed tables use zlib 1.3.1
2025-12-25  0:03:36 0 [Note] InnoDB: Number of transaction pools: 1
2025-12-25  0:03:36 0 [Note] InnoDB: Using crc32 + pclmulqdq instructions
2025-12-25  0:03:36 0 [Note] InnoDB: Using Linux native AIO
2025-12-25  0:03:36 0 [Note] InnoDB: innodb_buffer_pool_size_max=128m, innodb_buffer_pool_size=128m
2025-12-25  0:03:36 0 [Note] InnoDB: Completed initialization of buffer pool
2025-12-25  0:03:36 0 [Note] InnoDB: File system buffers for log disabled (block size=4096 bytes)
2025-12-25  0:03:36 0 [Note] InnoDB: End of log at LSN=46846
2025-12-25  0:03:37 0 [Note] InnoDB: 128 rollback segments are active.
2025-12-25  0:03:37 0 [Note] InnoDB: Setting file './ibtmp1' size to 12.000MiB. Physically writing the file full; Please wait ...
2025-12-25  0:03:37 0 [Note] InnoDB: File './ibtmp1' size is now 12.000MiB.
2025-12-25  0:03:37 0 [Note] InnoDB: log sequence number 46846; transaction id 14
2025-12-25  0:03:37 0 [Note] Plugin 'FEEDBACK' is disabled.
2025-12-25  0:03:37 0 [Note] InnoDB: Loading buffer pool(s) from /db1/myserver/mariadb/data/ib_buffer_pool
2025-12-25  0:03:37 0 [Note] InnoDB: Buffer pool(s) load completed at 251225  0:03:37
2025-12-25  0:03:37 0 [Note] Server socket created on IP: 'xxx.xxx.xxx.xxx', port: '3306'.
2025-12-25  0:03:37 0 [Note] /db1/myserver/mariadb/mariadb_files/bin/mariadbd: ready for connections.
Version: '10.11.14-MariaDB-log'  socket: '/db1/myserver/mariadb/run/mysql.sock'  port: 3306  MariaDB Server
2025-12-25  0:03:48 0 [Note] /db1/myserver/mariadb/mariadb_files/bin/mariadbd (initiated by: root[root] @ localhost []): Normal shutdown
2025-12-25  0:03:48 0 [Note] InnoDB: FTS optimize thread exiting.
2025-12-25  0:03:48 0 [Note] InnoDB: Starting shutdown...
2025-12-25  0:03:48 0 [Note] InnoDB: Dumping buffer pool(s) to /db1/myserver/mariadb/data/ib_buffer_pool
2025-12-25  0:03:48 0 [Note] InnoDB: Buffer pool(s) dump completed at 251225  0:03:48
2025-12-25  0:03:49 0 [Note] InnoDB: Removed temporary tablespace data file: "./ibtmp1"
2025-12-25  0:03:49 0 [Note] InnoDB: Shutdown completed; log sequence number 46846; transaction id 15
2025-12-25  0:03:49 0 [Note] /db1/myserver/mariadb/mariadb_files/bin/mariadbd: Shutdown complete
251225 00:03:49 mysqld_safe mysqld from pid file /db1/myserver/mariadb/run/mysqld.pid ended
251225 00:10:49 mysqld_safe Starting mariadbd daemon with databases from /db1/myserver/mariadb/data
2025-12-25  0:10:49 0 [Note] Starting MariaDB 10.11.14-MariaDB-log source revision 053f9bcb5b147bf00edb99e1310bae9125b7f125 server_uid /9bIqikmmumfUmtRKI2HIde1T6c= as process 1898
/db1/myserver/mariadb/mariadb_files/bin/mariadbd: One can only use the --user switch if running as root
2025-12-25  0:10:49 0 [Note] InnoDB: Compressed tables use zlib 1.3.1
2025-12-25  0:10:49 0 [Note] InnoDB: Number of transaction pools: 1
2025-12-25  0:10:49 0 [Note] InnoDB: Using crc32 + pclmulqdq instructions
2025-12-25  0:10:49 0 [Note] InnoDB: Using Linux native AIO
2025-12-25  0:10:49 0 [Note] InnoDB: innodb_buffer_pool_size_max=128m, innodb_buffer_pool_size=128m
2025-12-25  0:10:49 0 [Note] InnoDB: Completed initialization of buffer pool
2025-12-25  0:10:49 0 [Note] InnoDB: File system buffers for log disabled (block size=4096 bytes)
2025-12-25  0:10:49 0 [Note] InnoDB: End of log at LSN=46846
2025-12-25  0:10:49 0 [Note] InnoDB: 128 rollback segments are active.
2025-12-25  0:10:49 0 [Note] InnoDB: Setting file './ibtmp1' size to 12.000MiB. Physically writing the file full; Please wait ...
2025-12-25  0:10:49 0 [Note] InnoDB: File './ibtmp1' size is now 12.000MiB.
2025-12-25  0:10:49 0 [Note] InnoDB: log sequence number 46846; transaction id 14
2025-12-25  0:10:49 0 [Note] Plugin 'FEEDBACK' is disabled.
2025-12-25  0:10:49 0 [Note] InnoDB: Loading buffer pool(s) from /db1/myserver/mariadb/data/ib_buffer_pool
2025-12-25  0:10:49 0 [Note] Server socket created on IP: 'xxx.xxx.xxx.xxx', port: '3306'.
2025-12-25  0:10:49 0 [Note] InnoDB: Buffer pool(s) load completed at 251225  0:10:49
2025-12-25  0:10:49 0 [Note] /db1/myserver/mariadb/mariadb_files/bin/mariadbd: ready for connections.
Version: '10.11.14-MariaDB-log'  socket: '/db1/myserver/mariadb/run/mysql.sock'  port: 3306  MariaDB Server
2025-12-25  0:10:58 4 [Warning] Access denied for user 'root'@'localhost' (using password: NO)
2025-12-25  0:11:42 5 [Warning] Access denied for user 'root'@'localhost' (using password: NO)
2025-12-25  0:16:42 9 [Warning] Access denied for user 'root'@'localhost' (using password: NO)
2025-12-25  0:16:51 0 [Note] /db1/myserver/mariadb/mariadb_files/bin/mariadbd (initiated by: root[root] @ localhost []): Normal shutdown
2025-12-25  0:16:51 0 [Note] InnoDB: FTS optimize thread exiting.
2025-12-25  0:16:51 0 [Note] InnoDB: Starting shutdown...
2025-12-25  0:16:51 0 [Note] InnoDB: Dumping buffer pool(s) to /db1/myserver/mariadb/data/ib_buffer_pool
2025-12-25  0:16:51 0 [Note] InnoDB: Buffer pool(s) dump completed at 251225  0:16:51
2025-12-25  0:16:51 0 [Note] InnoDB: Removed temporary tablespace data file: "./ibtmp1"
2025-12-25  0:16:51 0 [Note] InnoDB: Shutdown completed; log sequence number 46846; transaction id 15
2025-12-25  0:16:51 0 [Note] /db1/myserver/mariadb/mariadb_files/bin/mariadbd: Shutdown complete
251225 00:16:51 mysqld_safe mysqld from pid file /db1/myserver/mariadb/run/mysqld.pid ended
260211 15:43:31 mysqld_safe Starting mariadbd daemon with databases from /db1/myserver/mariadb/data
2026-02-11 15:43:32 0 [Note] Starting MariaDB 10.11.14-MariaDB-log source revision 053f9bcb5b147bf00edb99e1310bae9125b7f125 server_uid /9bIqikmmumfUmtRKI2HIde1T6c= as process 2662
/db1/myserver/mariadb/mariadb_files/bin/mariadbd: One can only use the --user switch if running as root
2026-02-11 15:43:32 0 [Note] InnoDB: Compressed tables use zlib 1.3.1
2026-02-11 15:43:32 0 [Note] InnoDB: Number of transaction pools: 1
2026-02-11 15:43:32 0 [Note] InnoDB: Using crc32 + pclmulqdq instructions
2026-02-11 15:43:32 0 [Note] InnoDB: Using Linux native AIO
2026-02-11 15:43:32 0 [Note] InnoDB: innodb_buffer_pool_size_max=128m, innodb_buffer_pool_size=128m
2026-02-11 15:43:32 0 [Note] InnoDB: Completed initialization of buffer pool
2026-02-11 15:43:32 0 [Note] InnoDB: File system buffers for log disabled (block size=4096 bytes)
2026-02-11 15:43:32 0 [Note] InnoDB: End of log at LSN=46846
2026-02-11 15:43:32 0 [Note] InnoDB: 128 rollback segments are active.
2026-02-11 15:43:32 0 [Note] InnoDB: Setting file './ibtmp1' size to 12.000MiB. Physically writing the file full; Please wait ...
2026-02-11 15:43:32 0 [Note] InnoDB: File './ibtmp1' size is now 12.000MiB.
2026-02-11 15:43:32 0 [Note] InnoDB: log sequence number 46846; transaction id 14
2026-02-11 15:43:32 0 [Note] Plugin 'FEEDBACK' is disabled.
2026-02-11 15:43:32 0 [Note] InnoDB: Loading buffer pool(s) from /db1/myserver/mariadb/data/ib_buffer_pool
2026-02-11 15:43:32 0 [Note] InnoDB: Buffer pool(s) load completed at 260211 15:43:32
2026-02-11 15:43:32 0 [Note] Server socket created on IP: 'xxx.xxx.xxx.xxx', port: '3306'.
2026-02-11 15:43:33 0 [Note] /db1/myserver/mariadb/mariadb_files/bin/mariadbd: ready for connections.
Version: '10.11.14-MariaDB-log'  socket: '/db1/myserver/mariadb/run/mysql.sock'  port: 3306  MariaDB Server
2026-02-11 15:43:41 4 [Warning] Access denied for user 'root'@'localhost' (using password: NO)
2026-02-11 15:45:41 0 [Note] /db1/myserver/mariadb/mariadb_files/bin/mariadbd (initiated by: root[root] @ localhost []): Normal shutdown
2026-02-11 15:45:41 0 [Note] InnoDB: FTS optimize thread exiting.
2026-02-11 15:45:41 0 [Note] InnoDB: Starting shutdown...
2026-02-11 15:45:41 0 [Note] InnoDB: Dumping buffer pool(s) to /db1/myserver/mariadb/data/ib_buffer_pool
2026-02-11 15:45:42 0 [Note] InnoDB: Buffer pool(s) dump completed at 260211 15:45:42
2026-02-11 15:45:42 0 [Note] InnoDB: Removed temporary tablespace data file: "./ibtmp1"
2026-02-11 15:45:42 0 [Note] InnoDB: Shutdown completed; log sequence number 46846; transaction id 15
2026-02-11 15:45:42 0 [Note] /db1/myserver/mariadb/mariadb_files/bin/mariadbd: Shutdown complete
260211 15:45:42 mysqld_safe mysqld from pid file /db1/myserver/mariadb/run/mysqld.pid ended
260211 15:55:17 mysqld_safe Starting mariadbd daemon with databases from /db1/myserver/mariadb/data
2026-02-11 15:55:17 0 [Note] Starting MariaDB 10.11.14-MariaDB-log source revision 053f9bcb5b147bf00edb99e1310bae9125b7f125 server_uid /9bIqikmmumfUmtRKI2HIde1T6c= as process 3057
/db1/myserver/mariadb/mariadb_files/bin/mariadbd: One can only use the --user switch if running as root
2026-02-11 15:55:17 0 [Note] InnoDB: Compressed tables use zlib 1.3.1
2026-02-11 15:55:17 0 [Note] InnoDB: Number of transaction pools: 1
2026-02-11 15:55:17 0 [Note] InnoDB: Using crc32 + pclmulqdq instructions
2026-02-11 15:55:17 0 [Note] InnoDB: Using Linux native AIO
2026-02-11 15:55:17 0 [Note] InnoDB: innodb_buffer_pool_size_max=128m, innodb_buffer_pool_size=128m
2026-02-11 15:55:17 0 [Note] InnoDB: Completed initialization of buffer pool
2026-02-11 15:55:17 0 [Note] InnoDB: File system buffers for log disabled (block size=4096 bytes)
2026-02-11 15:55:17 0 [Note] InnoDB: End of log at LSN=46846
2026-02-11 15:55:17 0 [Note] InnoDB: 128 rollback segments are active.
2026-02-11 15:55:17 0 [Note] InnoDB: Setting file './ibtmp1' size to 12.000MiB. Physically writing the file full; Please wait ...
2026-02-11 15:55:17 0 [Note] InnoDB: File './ibtmp1' size is now 12.000MiB.
2026-02-11 15:55:17 0 [Note] InnoDB: log sequence number 46846; transaction id 14
2026-02-11 15:55:17 0 [Note] Plugin 'FEEDBACK' is disabled.
2026-02-11 15:55:17 0 [Note] InnoDB: Loading buffer pool(s) from /db1/myserver/mariadb/data/ib_buffer_pool
2026-02-11 15:55:17 0 [Note] Server socket created on IP: 'xxx.xxx.xxx.xxx', port: '3306'.
2026-02-11 15:55:17 0 [Note] InnoDB: Buffer pool(s) load completed at 260211 15:55:17
2026-02-11 15:55:17 0 [Note] /db1/myserver/mariadb/mariadb_files/bin/mariadbd: ready for connections.
Version: '10.11.14-MariaDB-log'  socket: '/db1/myserver/mariadb/run/mysql.sock'  port: 3306  MariaDB Server
2026-02-11 15:55:55 4 [Warning] Access denied for user 'root'@'localhost' (using password: NO)
2026-02-11 15:56:03 0 [Note] /db1/myserver/mariadb/mariadb_files/bin/mariadbd (initiated by: root[root] @ localhost []): Normal shutdown
2026-02-11 15:56:03 0 [Note] InnoDB: FTS optimize thread exiting.
2026-02-11 15:56:03 0 [Note] InnoDB: Starting shutdown...
2026-02-11 15:56:03 0 [Note] InnoDB: Dumping buffer pool(s) to /db1/myserver/mariadb/data/ib_buffer_pool
2026-02-11 15:56:03 0 [Note] InnoDB: Buffer pool(s) dump completed at 260211 15:56:03
2026-02-11 15:56:04 0 [Note] InnoDB: Removed temporary tablespace data file: "./ibtmp1"
2026-02-11 15:56:04 0 [Note] InnoDB: Shutdown completed; log sequence number 46846; transaction id 15
2026-02-11 15:56:04 0 [Note] /db1/myserver/mariadb/mariadb_files/bin/mariadbd: Shutdown complete
260211 15:56:04 mysqld_safe mysqld from pid file /db1/myserver/mariadb/run/mysqld.pid ended
260211 16:24:37 mysqld_safe Starting mariadbd daemon with databases from /db1/myserver/mariadb/data
2026-02-11 16:24:37 0 [Note] Starting MariaDB 10.11.14-MariaDB-log source revision 053f9bcb5b147bf00edb99e1310bae9125b7f125 server_uid /9bIqikmmumfUmtRKI2HIde1T6c= as process 3423
/db1/myserver/mariadb/mariadb_files/bin/mariadbd: One can only use the --user switch if running as root
2026-02-11 16:24:37 0 [Note] InnoDB: Compressed tables use zlib 1.3.1
2026-02-11 16:24:37 0 [Note] InnoDB: Number of transaction pools: 1
2026-02-11 16:24:37 0 [Note] InnoDB: Using crc32 + pclmulqdq instructions
2026-02-11 16:24:37 0 [Note] InnoDB: Using Linux native AIO
2026-02-11 16:24:37 0 [Note] InnoDB: innodb_buffer_pool_size_max=128m, innodb_buffer_pool_size=128m
2026-02-11 16:24:37 0 [Note] InnoDB: Completed initialization of buffer pool
2026-02-11 16:24:37 0 [Note] InnoDB: File system buffers for log disabled (block size=4096 bytes)
2026-02-11 16:24:37 0 [Note] InnoDB: End of log at LSN=46846
2026-02-11 16:24:37 0 [Note] InnoDB: 128 rollback segments are active.
2026-02-11 16:24:37 0 [Note] InnoDB: Setting file './ibtmp1' size to 12.000MiB. Physically writing the file full; Please wait ...
2026-02-11 16:24:37 0 [Note] InnoDB: File './ibtmp1' size is now 12.000MiB.
2026-02-11 16:24:37 0 [Note] InnoDB: log sequence number 46846; transaction id 14
2026-02-11 16:24:37 0 [Note] Plugin 'FEEDBACK' is disabled.
2026-02-11 16:24:37 0 [Note] InnoDB: Loading buffer pool(s) from /db1/myserver/mariadb/data/ib_buffer_pool
2026-02-11 16:24:37 0 [Note] Server socket created on IP: 'xxx.xxx.xxx.xxx', port: '3306'.
2026-02-11 16:24:37 0 [Note] InnoDB: Buffer pool(s) load completed at 260211 16:24:37
2026-02-11 16:24:37 0 [Note] /db1/myserver/mariadb/mariadb_files/bin/mariadbd: ready for connections.
Version: '10.11.14-MariaDB-log'  socket: '/db1/myserver/mariadb/run/mysql.sock'  port: 3306  MariaDB Server
2026-02-11 16:24:45 4 [Warning] Access denied for user 'root'@'localhost' (using password: NO)
2026-02-11 16:25:16 0 [Note] /db1/myserver/mariadb/mariadb_files/bin/mariadbd (initiated by: root[root] @ localhost []): Normal shutdown
2026-02-11 16:25:17 0 [Note] InnoDB: FTS optimize thread exiting.
2026-02-11 16:25:17 0 [Note] InnoDB: Starting shutdown...
2026-02-11 16:25:17 0 [Note] InnoDB: Dumping buffer pool(s) to /db1/myserver/mariadb/data/ib_buffer_pool
2026-02-11 16:25:17 0 [Note] InnoDB: Buffer pool(s) dump completed at 260211 16:25:17
2026-02-11 16:25:17 0 [Note] InnoDB: Removed temporary tablespace data file: "./ibtmp1"
2026-02-11 16:25:17 0 [Note] InnoDB: Shutdown completed; log sequence number 46846; transaction id 15
2026-02-11 16:25:17 0 [Note] /db1/myserver/mariadb/mariadb_files/bin/mariadbd: Shutdown complete
260211 16:25:17 mysqld_safe mysqld from pid file /db1/myserver/mariadb/run/mysqld.pid ended
260219 22:25:20 mysqld_safe Starting mariadbd daemon with databases from /db1/myserver/mariadb/data
2026-02-19 22:25:21 0 [Note] Starting MariaDB 10.11.14-MariaDB-log source revision 053f9bcb5b147bf00edb99e1310bae9125b7f125 server_uid /9bIqikmmumfUmtRKI2HIde1T6c= as process 2207
/db1/myserver/mariadb/mariadb_files/bin/mariadbd: One can only use the --user switch if running as root
2026-02-19 22:25:21 0 [Note] InnoDB: Compressed tables use zlib 1.3.1
2026-02-19 22:25:21 0 [Note] InnoDB: Number of transaction pools: 1
2026-02-19 22:25:21 0 [Note] InnoDB: Using crc32 + pclmulqdq instructions
2026-02-19 22:25:21 0 [Note] InnoDB: Using Linux native AIO
2026-02-19 22:25:21 0 [Note] InnoDB: innodb_buffer_pool_size_max=128m, innodb_buffer_pool_size=128m
2026-02-19 22:25:21 0 [Note] InnoDB: Completed initialization of buffer pool
2026-02-19 22:25:21 0 [Note] InnoDB: File system buffers for log disabled (block size=4096 bytes)
2026-02-19 22:25:21 0 [Note] InnoDB: End of log at LSN=46846
2026-02-19 22:25:21 0 [Note] InnoDB: 128 rollback segments are active.
2026-02-19 22:25:21 0 [Note] InnoDB: Setting file './ibtmp1' size to 12.000MiB. Physically writing the file full; Please wait ...
2026-02-19 22:25:21 0 [Note] InnoDB: File './ibtmp1' size is now 12.000MiB.
2026-02-19 22:25:21 0 [Note] InnoDB: log sequence number 46846; transaction id 14
2026-02-19 22:25:21 0 [Note] Plugin 'FEEDBACK' is disabled.
2026-02-19 22:25:21 0 [Note] InnoDB: Loading buffer pool(s) from /db1/myserver/mariadb/data/ib_buffer_pool
2026-02-19 22:25:21 0 [Note] InnoDB: Buffer pool(s) load completed at 260219 22:25:21
2026-02-19 22:25:21 0 [Note] Server socket created on IP: 'xxx.xxx.xxx.xxx', port: '3306'.
2026-02-19 22:25:22 0 [Note] /db1/myserver/mariadb/mariadb_files/bin/mariadbd: ready for connections.
Version: '10.11.14-MariaDB-log'  socket: '/db1/myserver/mariadb/run/mysql.sock'  port: 3306  MariaDB Server
2026-02-19 22:25:31 4 [Warning] Access denied for user 'root'@'localhost' (using password: NO)
